<?xml version="1.0" encoding="UTF-8" ?>
<testsuite tests="6" failures="0" name="fr.eni.mvnbook.banque.web.VirementFormTest" time="0" errors="0" skipped="0">
  <properties>
[...]
</properties>
  <testcase classname="fr.eni.mvnbook.banque.web.VirementFormTest" name="testSetCrediter" time="0"/>
  <testcase classname="fr.eni.mvnbook.banque.web.VirementFormTest" name="testGetCrediter" time="0"/>
  <testcase classname="fr.eni.mvnbook.banque.web.VirementFormTest" name="testSetMontant" time="0"/>
  <testcase classname="fr.eni.mvnbook.banque.web.VirementFormTest" name="testSetDebiter" time="0"/>
  <testcase classname="fr.eni.mvnbook.banque.web.VirementFormTest" name="testGetMontant" time="0"/>
  <testcase classname="fr.eni.mvnbook.banque.web.VirementFormTest" name="testGetDebiter" time="0"/>
</testsuite>